Using pre-set license
Built from '2020.3/release' branch; Version is '2020.3.1f1 (77a89f25062f) revision 7841951'; Using compiler version '192528614'; Build Type 'Release'
OS: 'Windows 10 Education; OS build 19042.1165; Version 2009; 64bit' Language: 'en' Physical Memory: 16317 MB
BatchMode: 1, IsHumanControllingUs: 0, StartBugReporterOnCrash: 0, Is64bit: 1, IsPro: 0

 COMMAND LINE ARGUMENTS:
C:\Program Files\Unity\Hub\Editor\2020.3.1f1\Editor\Unity.exe
-adb2
-batchMode
-noUpm
-name
AssetImportWorker0
-projectPath
C:/Users/Hello/Desktop/GitHub Repos/TheGreatFarmerDefense/The Great Farmer Defense
-logFile
Logs/AssetImportWorker0.log
-srvPort
65354
Successfully changed project path to: C:/Users/Hello/Desktop/GitHub Repos/TheGreatFarmerDefense/The Great Farmer Defense
C:/Users/Hello/Desktop/GitHub Repos/TheGreatFarmerDefense/The Great Farmer Defense
Using Asset Import Pipeline V2.
Refreshing native plugins compatible for Editor in 31.44 ms, found 1 plugins.
Preloading 0 native plugins for Editor in 0.00 ms.
Initialize engine version: 2020.3.1f1 (77a89f25062f)
[Subsystems] Discovering subsystems at path C:/Program Files/Unity/Hub/Editor/2020.3.1f1/Editor/Data/Resources/UnitySubsystems
[Subsystems] Discovering subsystems at path C:/Users/Hello/Desktop/GitHub Repos/TheGreatFarmerDefense/The Great Farmer Defense/Assets
GfxDevice: creating device client; threaded=0
Direct3D:
    Version:  Direct3D 11.0 [level 11.1]
    Renderer: NVIDIA GeForce RTX 2070 SUPER (ID=0x1e84)
    Vendor:   
    VRAM:     8011 MB
    Driver:   27.21.14.6079
Initialize mono
Mono path[0] = 'C:/Program Files/Unity/Hub/Editor/2020.3.1f1/Editor/Data/Managed'
Mono path[1] = 'C:/Program Files/Unity/Hub/Editor/2020.3.1f1/Editor/Data/MonoBleedingEdge/lib/mono/unityjit'
Mono config path = 'C:/Program Files/Unity/Hub/Editor/2020.3.1f1/Editor/Data/MonoBleedingEdge/etc'
Using monoOptions --debugger-agent=transport=dt_socket,embedding=1,server=y,suspend=n,address=127.0.0.1:56348
Begin MonoManager ReloadAssembly
Registering precompiled unity dll's ...
Register platform support module: C:/Program Files/Unity/Hub/Editor/2020.3.1f1/Editor/Data/PlaybackEngines/WebGLSupport/UnityEditor.WebGL.Extensions.dll
Register platform support module: C:/Program Files/Unity/Hub/Editor/2020.3.1f1/Editor/Data/PlaybackEngines/WindowsStandaloneSupport/UnityEditor.WindowsStandalone.Extensions.dll
Registered in 0.002326 seconds.
Native extension for WindowsStandalone target not found
Native extension for WebGL target not found
Refreshing native plugins compatible for Editor in 31.32 ms, found 1 plugins.
Preloading 0 native plugins for Editor in 0.00 ms.
Invoked RoslynAnalysisRunner static constructor.
RoslynAnalysisRunner will not be running.
RoslynAnalysisRunner has terminated.
Mono: successfully reloaded assembly
- Completed reload, in  0.993 seconds
Platform modules already initialized, skipping
Registering precompiled user dll's ...
Registered in 0.000910 seconds.
Begin MonoManager ReloadAssembly
Native extension for WindowsStandalone target not found
Native extension for WebGL target not found
Refreshing native plugins compatible for Editor in 30.67 ms, found 1 plugins.
Preloading 0 native plugins for Editor in 0.00 ms.
Invoked RoslynAnalysisRunner static constructor.
RoslynAnalysisRunner will not be running.
RoslynAnalysisRunner has terminated.
Mono: successfully reloaded assembly
- Completed reload, in  0.772 seconds
Platform modules already initialized, skipping
========================================================================
Worker process is ready to serve import requests
Launched and connected shader compiler UnityShaderCompiler.exe after 0.04 seconds
Refreshing native plugins compatible for Editor in 0.34 ms, found 1 plugins.
Preloading 0 native plugins for Editor in 0.00 ms.
Unloading 1806 Unused Serialized files (Serialized files now loaded: 0)
System memory in use before: 85.1 MB.
System memory in use after: 85.1 MB.

Unloading 24 unused Assets to reduce memory usage. Loaded Objects now: 2248.
Total: 1.609400 ms (FindLiveObjects: 0.168700 ms CreateObjectMapping: 0.063800 ms MarkObjects: 1.274300 ms  DeleteObjects: 0.101800 ms)

========================================================================
Received Import Request.
  path: Assets/Scenes
  artifactKey: Guid(7efff733c6b78ef49b9a182685b9324d) Importer(815301076,1909f56bfc062723c751e8b465ee728b)
Start importing Assets/Scenes using Guid(7efff733c6b78ef49b9a182685b9324d) Importer(815301076,1909f56bfc062723c751e8b465ee728b)  -> (artifact id: '1e62c95840b879b4a2687af01938d0c7') in 0.007709 seconds
  Import took 0.010528 seconds .

========================================================================
Received Import Request.
  Time since last request: 56.498710 seconds.
  path: Assets/Scenes/SampleScene.unity
  artifactKey: Guid(2cda990e2423bbf4892e6590ba056729) Importer(815301076,1909f56bfc062723c751e8b465ee728b)
Start importing Assets/Scenes/SampleScene.unity using Guid(2cda990e2423bbf4892e6590ba056729) Importer(815301076,1909f56bfc062723c751e8b465ee728b)  -> (artifact id: '843fd1ca81cfc1706e1cdb210696cdce') in 0.011038 seconds
  Import took 0.013953 seconds .

========================================================================
Received Import Request.
  Time since last request: 9.713260 seconds.
  path: Assets/Scenes/TestScene.unity
  artifactKey: Guid(2cda990e2423bbf4892e6590ba056729) Importer(815301076,1909f56bfc062723c751e8b465ee728b)
Start importing Assets/Scenes/TestScene.unity using Guid(2cda990e2423bbf4892e6590ba056729) Importer(815301076,1909f56bfc062723c751e8b465ee728b)  -> (artifact id: '66e458bd286a349b5e0604772b68d646') in 0.005337 seconds
  Import took 0.008897 seconds .

========================================================================
Received Import Request.
  Time since last request: 394.045548 seconds.
  path: Assets
  artifactKey: Guid(00000000000000001000000000000000) Importer(815301076,1909f56bfc062723c751e8b465ee728b)
Start importing Assets using Guid(00000000000000001000000000000000) Importer(815301076,1909f56bfc062723c751e8b465ee728b)  -> (artifact id: 'a6374019befeac6ce670f13ba9960efb') in 0.006332 seconds
  Import took 0.010680 seconds .

========================================================================
Received Import Request.
  Time since last request: 21.614597 seconds.
  path: Assets/Art
  artifactKey: Guid(16c5be41c33c1614587e40255a2f8c5d) Importer(815301076,1909f56bfc062723c751e8b465ee728b)
Start importing Assets/Art using Guid(16c5be41c33c1614587e40255a2f8c5d) Importer(815301076,1909f56bfc062723c751e8b465ee728b)  -> (artifact id: 'e5c4ee990290eda6f332f7e693c91556') in 0.005318 seconds
  Import took 0.007924 seconds .

========================================================================
Received Import Request.
  Time since last request: 3.677504 seconds.
  path: Assets/Art/Fantasy Crops.png
  artifactKey: Guid(c848df70ef91e7c45a49d026dc9e9675) Importer(815301076,1909f56bfc062723c751e8b465ee728b)
Start importing Assets/Art/Fantasy Crops.png using Guid(c848df70ef91e7c45a49d026dc9e9675) Importer(815301076,1909f56bfc062723c751e8b465ee728b)  -> (artifact id: '86520e9fe8d1a34e7ba392528eccd28f') in 0.084492 seconds
  Import took 0.087168 seconds .

========================================================================
Received Import Request.
  Time since last request: 462.615898 seconds.
  path: Assets/Art/Fantasy Crops.png
  artifactKey: Guid(c848df70ef91e7c45a49d026dc9e9675) Importer(815301076,1909f56bfc062723c751e8b465ee728b)
Start importing Assets/Art/Fantasy Crops.png using Guid(c848df70ef91e7c45a49d026dc9e9675) Importer(815301076,1909f56bfc062723c751e8b465ee728b)  -> (artifact id: 'e4c0794e0076d2dfd7b2fbbd79dbf77c') in 0.011830 seconds
  Import took 0.015162 seconds .

========================================================================
Received Import Request.
  Time since last request: 0.001629 seconds.
  path: Assets/Art/Fantasy Crops.png
  artifactKey: Guid(c848df70ef91e7c45a49d026dc9e9675) Importer(815301076,1909f56bfc062723c751e8b465ee728b)
Start importing Assets/Art/Fantasy Crops.png using Guid(c848df70ef91e7c45a49d026dc9e9675) Importer(815301076,1909f56bfc062723c751e8b465ee728b)  -> (artifact id: 'e4c0794e0076d2dfd7b2fbbd79dbf77c') in 0.011992 seconds
  Import took 0.014789 seconds .

========================================================================
Received Import Request.
  Time since last request: 35.301663 seconds.
  path: Assets/Art/Fantasy Crops.png
  artifactKey: Guid(c848df70ef91e7c45a49d026dc9e9675) Importer(815301076,1909f56bfc062723c751e8b465ee728b)
Start importing Assets/Art/Fantasy Crops.png using Guid(c848df70ef91e7c45a49d026dc9e9675) Importer(815301076,1909f56bfc062723c751e8b465ee728b)  -> (artifact id: 'c303ac44d6eb805b060cdf9bdef61227') in 0.181973 seconds
  Import took 0.187250 seconds .

========================================================================
Received Prepare
Registering precompiled user dll's ...
Registered in 0.039762 seconds.
Begin MonoManager ReloadAssembly
Native extension for WindowsStandalone target not found
Native extension for WebGL target not found
Refreshing native plugins compatible for Editor in 0.34 ms, found 1 plugins.
Preloading 0 native plugins for Editor in 0.00 ms.
Invoked RoslynAnalysisRunner static constructor.
RoslynAnalysisRunner will not be running.
RoslynAnalysisRunner has terminated.
Mono: successfully reloaded assembly
- Completed reload, in  0.773 seconds
Platform modules already initialized, skipping
Refreshing native plugins compatible for Editor in 0.30 ms, found 1 plugins.
Preloading 0 native plugins for Editor in 0.00 ms.
Unloading 1801 Unused Serialized files (Serialized files now loaded: 0)
System memory in use before: 88.2 MB.
System memory in use after: 88.2 MB.

Unloading 12 unused Assets to reduce memory usage. Loaded Objects now: 2260.
Total: 1.601300 ms (FindLiveObjects: 0.154400 ms CreateObjectMapping: 0.058400 ms MarkObjects: 1.296100 ms  DeleteObjects: 0.091500 ms)

========================================================================
Received Import Request.
  Time since last request: 14015.805246 seconds.
  path: Assets/Scripts
  artifactKey: Guid(0a5c04b20dbafd943b519a6a06c590b9) Importer(815301076,1909f56bfc062723c751e8b465ee728b)
Start importing Assets/Scripts using Guid(0a5c04b20dbafd943b519a6a06c590b9) Importer(815301076,1909f56bfc062723c751e8b465ee728b)  -> (artifact id: '06222a4894081f419bb4b592607cd2ed') in 0.007528 seconds
  Import took 0.010760 seconds .

========================================================================
Received Import Request.
  Time since last request: 15.881292 seconds.
  path: Assets/Scripts/TestScript.cs
  artifactKey: Guid(25c7d948438b7ea44aac870f8382cfba) Importer(815301076,1909f56bfc062723c751e8b465ee728b)
Start importing Assets/Scripts/TestScript.cs using Guid(25c7d948438b7ea44aac870f8382cfba) Importer(815301076,1909f56bfc062723c751e8b465ee728b)  -> (artifact id: '039f6433caebeadb2d12cc14e73d0fb6') in 0.011828 seconds
  Import took 0.014648 seconds .

========================================================================
Received Prepare
Registering precompiled user dll's ...
Registered in 0.000868 seconds.
Begin MonoManager ReloadAssembly
Native extension for WindowsStandalone target not found
Native extension for WebGL target not found
Refreshing native plugins compatible for Editor in 0.31 ms, found 1 plugins.
Preloading 0 native plugins for Editor in 0.00 ms.
Invoked RoslynAnalysisRunner static constructor.
RoslynAnalysisRunner will not be running.
RoslynAnalysisRunner has terminated.
Mono: successfully reloaded assembly
- Completed reload, in  0.712 seconds
Platform modules already initialized, skipping
Refreshing native plugins compatible for Editor in 0.56 ms, found 1 plugins.
Preloading 0 native plugins for Editor in 0.00 ms.
Unloading 1802 Unused Serialized files (Serialized files now loaded: 0)
System memory in use before: 88.3 MB.
System memory in use after: 88.3 MB.

Unloading 12 unused Assets to reduce memory usage. Loaded Objects now: 2265.
Total: 1.704600 ms (FindLiveObjects: 0.179700 ms CreateObjectMapping: 0.070700 ms MarkObjects: 1.363300 ms  DeleteObjects: 0.089600 ms)

